<?xml version="1.0" encoding="UTF-8"?>
<!-- Generated by org.testng.reporters.JUnitXMLReporter -->
<testsuite hostname="Home-Ubuntu" name="TestAdd" tests="3" failures="0" timestamp="21 Feb 2016 11:16:33 GMT" time="20.875" errors="0">
  <testcase name="addNotAllNecessaryFieldsRecord" time="1.351" classname="ru.greg3d.Lesson3TestAdd"/>
  <testcase name="addNotAllNecessaryFieldsRecord" time="1.847" classname="ru.greg3d.Lesson3TestAdd"/>
  <testcase name="addValidRecord" time="2.396" classname="ru.greg3d.Lesson3TestAdd"/>
</testsuite> <!-- TestAdd -->
