<?xml version="1.0" encoding="UTF-8"?>
<!-- Generated by org.testng.reporters.JUnitXMLReporter -->
<testsuite hostname="WKS-CST-19" name="Default test" tests="3" failures="0" timestamp="9 Mar 2016 13:13:36 GMT" time="40.945" errors="0">
  <testcase name="addNotAllNecessaryFieldsRecord" time="5.318" classname="ru.greg3d.Lesson3TestAdd"/>
  <testcase name="addNotAllNecessaryFieldsRecord" time="4.332" classname="ru.greg3d.Lesson3TestAdd"/>
  <testcase name="addValidRecord" time="19.106" classname="ru.greg3d.Lesson3TestAdd"/>
</testsuite> <!-- Default test -->
