<?xml version="1.0" encoding="UTF-8"?>
<testng-results skipped="0" failed="0" total="3" passed="3">
  <reporter-output>
  </reporter-output>
  <suite name="Default suite" duration-ms="40945" started-at="2016-03-09T13:12:55Z" finished-at="2016-03-09T13:13:36Z">
    <groups>
    </groups>
    <test name="Default test" duration-ms="40945" started-at="2016-03-09T13:12:55Z" finished-at="2016-03-09T13:13:36Z">
      <class name="ru.greg3d.Lesson3TestAdd">
        <test-method status="PASS" signature="SuiteSetup()[pri:0, instance:ru.greg3d.Lesson3TestAdd@1283bb96]" name="SuiteSetup" is-config="true" duration-ms="5031" started-at="2016-03-09T16:12:55Z" finished-at="2016-03-09T16:13:00Z">
          <reporter-output>
          </reporter-output>
        </test-method> <!-- SuiteSetup -->
        <test-method status="PASS" signature="DoLogin()[pri:0, instance:ru.greg3d.Lesson3TestAdd@1283bb96]" name="DoLogin" is-config="true" duration-ms="3323" started-at="2016-03-09T16:13:00Z" finished-at="2016-03-09T16:13:03Z">
          <reporter-output>
          </reporter-output>
        </test-method> <!-- DoLogin -->
        <test-method status="PASS" signature="doGotoHome()[pri:0, instance:ru.greg3d.Lesson3TestAdd@1283bb96]" name="doGotoHome" is-config="true" duration-ms="178" started-at="2016-03-09T16:13:03Z" finished-at="2016-03-09T16:13:03Z">
          <reporter-output>
          </reporter-output>
        </test-method> <!-- doGotoHome -->
        <test-method status="PASS" signature="addNotAllNecessaryFieldsRecord(ru.greg3d.model.Film)[pri:0, instance:ru.greg3d.Lesson3TestAdd@1283bb96]" name="addNotAllNecessaryFieldsRecord" duration-ms="5318" started-at="2016-03-09T16:13:03Z" data-provider="inValidFieldsFilmsDataProvider" finished-at="2016-03-09T16:13:09Z">
          <params>
            <param index="0">
              <value>
                <![CDATA[ru.greg3d.model.Film@906d29b]]>
              </value>
            </param>
          </params>
          <reporter-output>
          </reporter-output>
        </test-method> <!-- addNotAllNecessaryFieldsRecord -->
        <test-method status="PASS" signature="doGotoHome()[pri:0, instance:ru.greg3d.Lesson3TestAdd@1283bb96]" name="doGotoHome" is-config="true" duration-ms="1309" started-at="2016-03-09T16:13:09Z" finished-at="2016-03-09T16:13:10Z">
          <reporter-output>
          </reporter-output>
        </test-method> <!-- doGotoHome -->
        <test-method status="PASS" signature="addNotAllNecessaryFieldsRecord(ru.greg3d.model.Film)[pri:0, instance:ru.greg3d.Lesson3TestAdd@1283bb96]" name="addNotAllNecessaryFieldsRecord" duration-ms="4332" started-at="2016-03-09T16:13:10Z" data-provider="inValidFieldsFilmsDataProvider" finished-at="2016-03-09T16:13:14Z">
          <params>
            <param index="0">
              <value>
                <![CDATA[ru.greg3d.model.Film@acdb094]]>
              </value>
            </param>
          </params>
          <reporter-output>
          </reporter-output>
        </test-method> <!-- addNotAllNecessaryFieldsRecord -->
        <test-method status="PASS" signature="doGotoHome()[pri:0, instance:ru.greg3d.Lesson3TestAdd@1283bb96]" name="doGotoHome" is-config="true" duration-ms="1266" started-at="2016-03-09T16:13:14Z" finished-at="2016-03-09T16:13:16Z">
          <reporter-output>
          </reporter-output>
        </test-method> <!-- doGotoHome -->
        <test-method status="PASS" signature="addValidRecord()[pri:0, instance:ru.greg3d.Lesson3TestAdd@1283bb96]" name="addValidRecord" duration-ms="19106" started-at="2016-03-09T16:13:16Z" finished-at="2016-03-09T16:13:35Z">
          <reporter-output>
          </reporter-output>
        </test-method> <!-- addValidRecord -->
        <test-method status="PASS" signature="tearDown()[pri:0, instance:ru.greg3d.Lesson3TestAdd@1283bb96]" name="tearDown" is-config="true" duration-ms="1026" started-at="2016-03-09T16:13:35Z" finished-at="2016-03-09T16:13:36Z">
          <reporter-output>
          </reporter-output>
        </test-method> <!-- tearDown -->
      </class> <!-- ru.greg3d.Lesson3TestAdd -->
    </test> <!-- Default test -->
  </suite> <!-- Default suite -->
</testng-results>
